build/app/intermediates/manifest_merge_blame_file/release/manifest-merger-blame-release-report.txt
1<?xml version="1.0" encoding="utf-8"?>
2<manifest xmlns:android="http://schemas.android.com/apk/res/android"
3    package="com.BarakamonOleg.KOPA"
4    android:versionCode="1"
5    android:versionName="1.0.0" >
6
7    <uses-sdk
8        android:minSdkVersion="16"
8-->src\main\AndroidManifest.xml
9        android:targetSdkVersion="30" />
9-->src\main\AndroidManifest.xml
10
11    <uses-permission android:name="android.permission.INTERNET" />
11-->src\main\AndroidManifest.xml:4:5-66
11-->src\main\AndroidManifest.xml:4:22-64
12    <uses-permission android:name="android.permission.WAKE_LOCK" />
12-->[:firebase_messaging] AndroidManifest.xml:8:5-68
12-->[:firebase_messaging] AndroidManifest.xml:8:22-65
13    <uses-permission android:name="android.permission.ACCESS_NETWORK_STATE" />
13-->[:firebase_messaging] AndroidManifest.xml:9:5-79
13-->[:firebase_messaging] AndroidManifest.xml:9:22-76
14    <uses-permission android:name="android.permission.READ_EXTERNAL_STORAGE" />
14-->[:image_picker] AndroidManifest.xml:7:5-80
14-->[:image_picker] AndroidManifest.xml:7:22-77
15    <uses-permission android:name="android.permission.WRITE_EXTERNAL_STORAGE" /> <!-- Required by older versions of Google Play services to create IID tokens -->
15-->[:image_picker] AndroidManifest.xml:8:5-81
15-->[:image_picker] AndroidManifest.xml:8:22-78
16    <uses-permission android:name="com.google.android.c2dm.permission.RECEIVE" />
16-->[com.google.firebase:firebase-messaging:22.0.0] AndroidManifest.xml:25:5-82
16-->[com.google.firebase:firebase-messaging:22.0.0] AndroidManifest.xml:25:22-79
17    <uses-permission android:name="com.google.android.finsky.permission.BIND_GET_INSTALL_REFERRER_SERVICE" />
17-->[com.google.android.gms:play-services-measurement:19.0.0] AndroidManifest.xml:26:5-110
17-->[com.google.android.gms:play-services-measurement:19.0.0] AndroidManifest.xml:26:22-107
18
19    <application
19-->src\main\AndroidManifest.xml:6:5-56:19
20        android:name="androidx.multidex.MultiDexApplication"
21        android:appComponentFactory="androidx.core.app.CoreComponentFactory"
21-->[androidx.core:core:1.1.0] AndroidManifest.xml:24:18-86
22        android:icon="@mipmap/ic_launcher"
22-->src\main\AndroidManifest.xml:8:9-43
23        android:label="kopamain"
23-->src\main\AndroidManifest.xml:7:9-33
24        android:supportsRtl="true" >
24-->[com.facebook.android:facebook-login:5.5.1] AndroidManifest.xml:28:18-44
25        <activity
25-->src\main\AndroidManifest.xml:9:9-37:20
26            android:name="com.example.kopamain.MainActivity"
26-->src\main\AndroidManifest.xml:10:13-41
27            android:configChanges="orientation|keyboardHidden|keyboard|screenSize|smallestScreenSize|locale|layoutDirection|fontScale|screenLayout|density|uiMode"
27-->src\main\AndroidManifest.xml:13:13-163
28            android:hardwareAccelerated="true"
28-->src\main\AndroidManifest.xml:14:13-47
29            android:launchMode="singleTop"
29-->src\main\AndroidManifest.xml:11:13-43
30            android:theme="@style/LaunchTheme"
30-->src\main\AndroidManifest.xml:12:13-47
31            android:windowSoftInputMode="adjustResize" >
31-->src\main\AndroidManifest.xml:15:13-55
32
33            <!--
34                 Specifies an Android theme to apply to this Activity as soon as
35                 the Android process has started. This theme is visible to the user
36                 while the Flutter UI initializes. After that, this theme continues
37                 to determine the Window background behind the Flutter UI.
38            -->
39            <meta-data
39-->src\main\AndroidManifest.xml:20:13-23:17
40                android:name="io.flutter.embedding.android.NormalTheme"
40-->src\main\AndroidManifest.xml:21:15-70
41                android:resource="@style/NormalTheme" />
41-->src\main\AndroidManifest.xml:22:15-52
42            <!--
43                 Displays an Android View that continues showing the launch screen
44                 Drawable until Flutter paints its first frame, then this splash
45                 screen fades out. A splash screen is useful to avoid any visual
46                 gap between the end of Android's launch screen and the painting of
47                 Flutter's first frame.
48            -->
49            <meta-data
49-->src\main\AndroidManifest.xml:29:13-32:17
50                android:name="io.flutter.embedding.android.SplashScreenDrawable"
50-->src\main\AndroidManifest.xml:30:15-79
51                android:resource="@drawable/launch_background" />
51-->src\main\AndroidManifest.xml:31:15-61
52
53            <intent-filter>
53-->src\main\AndroidManifest.xml:33:13-36:29
54                <action android:name="android.intent.action.MAIN" />
54-->src\main\AndroidManifest.xml:34:17-68
54-->src\main\AndroidManifest.xml:34:25-66
55
56                <category android:name="android.intent.category.LAUNCHER" />
56-->src\main\AndroidManifest.xml:35:17-76
56-->src\main\AndroidManifest.xml:35:27-74
57            </intent-filter>
58        </activity>
59
60        <meta-data
60-->src\main\AndroidManifest.xml:39:9-107
61            android:name="com.facebook.sdk.ApplicationId"
61-->src\main\AndroidManifest.xml:39:20-65
62            android:value="@string/facebook_app_id" />
62-->src\main\AndroidManifest.xml:39:66-105
63
64        <activity
64-->src\main\AndroidManifest.xml:41:9-184
65            android:name="com.facebook.FacebookActivity"
65-->src\main\AndroidManifest.xml:41:19-63
66            android:configChanges="keyboard|keyboardHidden|screenLayout|screenSize|orientation"
66-->src\main\AndroidManifest.xml:41:64-148
67            android:label="@string/app_name"
67-->src\main\AndroidManifest.xml:41:149-181
68            android:theme="@style/com_facebook_activity_theme" />
68-->[com.facebook.android:facebook-common:5.5.1] AndroidManifest.xml:32:13-63
69        <activity
69-->src\main\AndroidManifest.xml:43:9-49:20
70            android:name="com.facebook.CustomTabActivity"
70-->src\main\AndroidManifest.xml:43:19-64
71            android:exported="true" >
71-->src\main\AndroidManifest.xml:43:65-88
72            <intent-filter>
72-->src\main\AndroidManifest.xml:44:13-48:29
73                <action android:name="android.intent.action.VIEW" />
73-->src\main\AndroidManifest.xml:44:29-81
73-->src\main\AndroidManifest.xml:44:37-78
74
75                <category android:name="android.intent.category.DEFAULT" />
75-->src\main\AndroidManifest.xml:45:17-76
75-->src\main\AndroidManifest.xml:45:27-73
76                <category android:name="android.intent.category.BROWSABLE" />
76-->src\main\AndroidManifest.xml:46:17-78
76-->src\main\AndroidManifest.xml:46:27-75
77
78                <data android:scheme="@string/fb_login_protocol_scheme" />
78-->src\main\AndroidManifest.xml:47:17-75
78-->src\main\AndroidManifest.xml:47:23-72
79            </intent-filter>
80        </activity>
81
82        <!--
83             Don't delete the meta-data below.
84             This is used by the Flutter tool to generate GeneratedPluginRegistrant.java
85        -->
86        <meta-data
86-->src\main\AndroidManifest.xml:53:9-55:33
87            android:name="flutterEmbedding"
87-->src\main\AndroidManifest.xml:54:13-44
88            android:value="2" />
88-->src\main\AndroidManifest.xml:55:13-30
89
90        <service
90-->[:firebase_database] AndroidManifest.xml:8:9-12:19
91            android:name="com.google.firebase.components.ComponentDiscoveryService"
91-->[:firebase_database] AndroidManifest.xml:8:18-89
92            android:directBootAware="true"
92-->[com.google.firebase:firebase-common:20.0.0] AndroidManifest.xml:35:13-43
93            android:exported="false" >
93-->[com.google.firebase:firebase-auth:21.0.1] AndroidManifest.xml:76:13-37
94            <meta-data
94-->[:firebase_database] AndroidManifest.xml:9:13-11:85
95                android:name="com.google.firebase.components:io.flutter.plugins.firebase.database.FlutterFirebaseAppRegistrar"
95-->[:firebase_database] AndroidManifest.xml:10:17-127
96                android:value="com.google.firebase.components.ComponentRegistrar" />
96-->[:firebase_database] AndroidManifest.xml:11:17-82
97            <meta-data
97-->[:cloud_firestore] AndroidManifest.xml:9:13-11:85
98                android:name="com.google.firebase.components:io.flutter.plugins.firebase.firestore.FlutterFirebaseFirestoreRegistrar"
98-->[:cloud_firestore] AndroidManifest.xml:10:17-134
99                android:value="com.google.firebase.components.ComponentRegistrar" />
99-->[:cloud_firestore] AndroidManifest.xml:11:17-82
100            <meta-data
100-->[:firebase_auth] AndroidManifest.xml:9:13-11:85
101                android:name="com.google.firebase.components:io.flutter.plugins.firebase.auth.FlutterFirebaseAuthRegistrar"
101-->[:firebase_auth] AndroidManifest.xml:10:17-124
102                android:value="com.google.firebase.components.ComponentRegistrar" />
102-->[:firebase_auth] AndroidManifest.xml:11:17-82
103            <meta-data
103-->[:firebase_storage] AndroidManifest.xml:9:13-11:85
104                android:name="com.google.firebase.components:io.flutter.plugins.firebase.storage.FlutterFirebaseAppRegistrar"
104-->[:firebase_storage] AndroidManifest.xml:10:17-126
105                android:value="com.google.firebase.components.ComponentRegistrar" />
105-->[:firebase_storage] AndroidManifest.xml:11:17-82
106            <meta-data
106-->[:firebase_messaging] AndroidManifest.xml:34:13-36:85
107                android:name="com.google.firebase.components:io.flutter.plugins.firebase.messaging.FlutterFirebaseAppRegistrar"
107-->[:firebase_messaging] AndroidManifest.xml:35:17-128
108                android:value="com.google.firebase.components.ComponentRegistrar" />
108-->[:firebase_messaging] AndroidManifest.xml:36:17-82
109            <meta-data
109-->[:firebase_core] AndroidManifest.xml:9:13-11:85
110                android:name="com.google.firebase.components:io.flutter.plugins.firebase.core.FlutterFirebaseCoreRegistrar"
110-->[:firebase_core] AndroidManifest.xml:10:17-124
111                android:value="com.google.firebase.components.ComponentRegistrar" />
111-->[:firebase_core] AndroidManifest.xml:11:17-82
112            <meta-data
112-->[com.google.firebase:firebase-auth:21.0.1] AndroidManifest.xml:77:13-79:85
113                android:name="com.google.firebase.components:com.google.firebase.auth.FirebaseAuthRegistrar"
113-->[com.google.firebase:firebase-auth:21.0.1] AndroidManifest.xml:78:17-109
114                android:value="com.google.firebase.components.ComponentRegistrar" />
114-->[com.google.firebase:firebase-auth:21.0.1] AndroidManifest.xml:79:17-82
115            <meta-data
115-->[com.google.firebase:firebase-messaging:22.0.0] AndroidManifest.xml:52:13-54:85
116                android:name="com.google.firebase.components:com.google.firebase.messaging.FirebaseMessagingRegistrar"
116-->[com.google.firebase:firebase-messaging:22.0.0] AndroidManifest.xml:53:17-119
117                android:value="com.google.firebase.components.ComponentRegistrar" />
117-->[com.google.firebase:firebase-messaging:22.0.0] AndroidManifest.xml:54:17-82
118            <meta-data
118-->[com.google.firebase:firebase-datatransport:18.0.0] AndroidManifest.xml:28:13-30:85
119                android:name="com.google.firebase.components:com.google.firebase.datatransport.TransportRegistrar"
119-->[com.google.firebase:firebase-datatransport:18.0.0] AndroidManifest.xml:29:17-115
120                android:value="com.google.firebase.components.ComponentRegistrar" />
120-->[com.google.firebase:firebase-datatransport:18.0.0] AndroidManifest.xml:30:17-82
121            <meta-data
121-->[com.google.firebase:firebase-firestore:23.0.0] AndroidManifest.xml:20:13-22:85
122                android:name="com.google.firebase.components:com.google.firebase.firestore.FirestoreRegistrar"
122-->[com.google.firebase:firebase-firestore:23.0.0] AndroidManifest.xml:21:17-111
123                android:value="com.google.firebase.components.ComponentRegistrar" />
123-->[com.google.firebase:firebase-firestore:23.0.0] AndroidManifest.xml:22:17-82
124            <meta-data
124-->[com.google.firebase:firebase-storage:20.0.0] AndroidManifest.xml:33:13-35:85
125                android:name="com.google.firebase.components:com.google.firebase.storage.StorageRegistrar"
125-->[com.google.firebase:firebase-storage:20.0.0] AndroidManifest.xml:34:17-107
126                android:value="com.google.firebase.components.ComponentRegistrar" />
126-->[com.google.firebase:firebase-storage:20.0.0] AndroidManifest.xml:35:17-82
127            <meta-data
127-->[com.google.firebase:firebase-database:20.0.0] AndroidManifest.xml:32:13-34:85
128                android:name="com.google.firebase.components:com.google.firebase.database.DatabaseRegistrar"
128-->[com.google.firebase:firebase-database:20.0.0] AndroidManifest.xml:33:17-109
129                android:value="com.google.firebase.components.ComponentRegistrar" />
129-->[com.google.firebase:firebase-database:20.0.0] AndroidManifest.xml:34:17-82
130            <meta-data
130-->[com.google.android.gms:play-services-measurement-api:19.0.0] AndroidManifest.xml:30:13-32:85
131                android:name="com.google.firebase.components:com.google.firebase.analytics.connector.internal.AnalyticsConnectorRegistrar"
131-->[com.google.android.gms:play-services-measurement-api:19.0.0] AndroidManifest.xml:31:17-139
132                android:value="com.google.firebase.components.ComponentRegistrar" />
132-->[com.google.android.gms:play-services-measurement-api:19.0.0] AndroidManifest.xml:32:17-82
133            <meta-data
133-->[com.google.firebase:firebase-installations:17.0.0] AndroidManifest.xml:18:13-20:85
134                android:name="com.google.firebase.components:com.google.firebase.installations.FirebaseInstallationsRegistrar"
134-->[com.google.firebase:firebase-installations:17.0.0] AndroidManifest.xml:19:17-127
135                android:value="com.google.firebase.components.ComponentRegistrar" />
135-->[com.google.firebase:firebase-installations:17.0.0] AndroidManifest.xml:20:17-82
136        </service>
137        <service
137-->[:firebase_messaging] AndroidManifest.xml:12:9-15:72
138            android:name="io.flutter.plugins.firebase.messaging.FlutterFirebaseMessagingBackgroundService"
138-->[:firebase_messaging] AndroidManifest.xml:13:13-107
139            android:exported="false"
139-->[:firebase_messaging] AndroidManifest.xml:14:13-37
140            android:permission="android.permission.BIND_JOB_SERVICE" />
140-->[:firebase_messaging] AndroidManifest.xml:15:13-69
141        <service
141-->[:firebase_messaging] AndroidManifest.xml:16:9-22:19
142            android:name="io.flutter.plugins.firebase.messaging.FlutterFirebaseMessagingService"
142-->[:firebase_messaging] AndroidManifest.xml:17:13-97
143            android:exported="false" >
143-->[:firebase_messaging] AndroidManifest.xml:18:13-37
144            <intent-filter>
144-->[:firebase_messaging] AndroidManifest.xml:19:13-21:29
145                <action android:name="com.google.firebase.MESSAGING_EVENT" />
145-->[:firebase_messaging] AndroidManifest.xml:20:17-78
145-->[:firebase_messaging] AndroidManifest.xml:20:25-75
146            </intent-filter>
147        </service>
148
149        <receiver
149-->[:firebase_messaging] AndroidManifest.xml:24:9-31:20
150            android:name="io.flutter.plugins.firebase.messaging.FlutterFirebaseMessagingReceiver"
150-->[:firebase_messaging] AndroidManifest.xml:25:13-98
151            android:exported="true"
151-->[:firebase_messaging] AndroidManifest.xml:26:13-36
152            android:permission="com.google.android.c2dm.permission.SEND" >
152-->[:firebase_messaging] AndroidManifest.xml:27:13-73
153            <intent-filter>
153-->[:firebase_messaging] AndroidManifest.xml:28:13-30:29
154                <action android:name="com.google.android.c2dm.intent.RECEIVE" />
154-->[:firebase_messaging] AndroidManifest.xml:29:17-81
154-->[:firebase_messaging] AndroidManifest.xml:29:25-78
155            </intent-filter>
156        </receiver>
157
158        <provider
158-->[:firebase_messaging] AndroidManifest.xml:39:9-43:38
159            android:name="io.flutter.plugins.firebase.messaging.FlutterFirebaseMessagingInitProvider"
159-->[:firebase_messaging] AndroidManifest.xml:40:13-102
160            android:authorities="com.BarakamonOleg.KOPA.flutterfirebasemessaginginitprovider"
160-->[:firebase_messaging] AndroidManifest.xml:41:13-88
161            android:exported="false"
161-->[:firebase_messaging] AndroidManifest.xml:42:13-37
162            android:initOrder="99" />
162-->[:firebase_messaging] AndroidManifest.xml:43:13-35
163        <provider
163-->[:image_picker] AndroidManifest.xml:11:9-19:20
164            android:name="io.flutter.plugins.imagepicker.ImagePickerFileProvider"
164-->[:image_picker] AndroidManifest.xml:12:13-82
165            android:authorities="com.BarakamonOleg.KOPA.flutter.image_provider"
165-->[:image_picker] AndroidManifest.xml:13:13-74
166            android:exported="false"
166-->[:image_picker] AndroidManifest.xml:14:13-37
167            android:grantUriPermissions="true" >
167-->[:image_picker] AndroidManifest.xml:15:13-47
168            <meta-data
168-->[:image_picker] AndroidManifest.xml:16:13-18:75
169                android:name="android.support.FILE_PROVIDER_PATHS"
169-->[:image_picker] AndroidManifest.xml:17:17-67
170                android:resource="@xml/flutter_image_picker_file_paths" />
170-->[:image_picker] AndroidManifest.xml:18:17-72
171        </provider>
172
173        <activity
173-->[com.google.firebase:firebase-auth:21.0.1] AndroidManifest.xml:27:9-44:20
174            android:name="com.google.firebase.auth.internal.GenericIdpActivity"
174-->[com.google.firebase:firebase-auth:21.0.1] AndroidManifest.xml:28:13-80
175            android:excludeFromRecents="true"
175-->[com.google.firebase:firebase-auth:21.0.1] AndroidManifest.xml:29:13-46
176            android:exported="true"
176-->[com.google.firebase:firebase-auth:21.0.1] AndroidManifest.xml:30:13-36
177            android:launchMode="singleTask"
177-->[com.google.firebase:firebase-auth:21.0.1] AndroidManifest.xml:31:13-44
178            android:theme="@android:style/Theme.Translucent.NoTitleBar" >
178-->[com.google.firebase:firebase-auth:21.0.1] AndroidManifest.xml:32:13-72
179            <intent-filter>
179-->[com.google.firebase:firebase-auth:21.0.1] AndroidManifest.xml:33:13-43:29
180                <action android:name="android.intent.action.VIEW" />
180-->src\main\AndroidManifest.xml:44:29-81
180-->src\main\AndroidManifest.xml:44:37-78
181
182                <category android:name="android.intent.category.DEFAULT" />
182-->src\main\AndroidManifest.xml:45:17-76
182-->src\main\AndroidManifest.xml:45:27-73
183                <category android:name="android.intent.category.BROWSABLE" />
183-->src\main\AndroidManifest.xml:46:17-78
183-->src\main\AndroidManifest.xml:46:27-75
184
185                <data
185-->src\main\AndroidManifest.xml:47:17-75
186                    android:host="firebase.auth"
187                    android:path="/"
188                    android:scheme="genericidp" />
188-->src\main\AndroidManifest.xml:47:23-72
189            </intent-filter>
190        </activity>
191        <activity
191-->[com.google.firebase:firebase-auth:21.0.1] AndroidManifest.xml:45:9-62:20
192            android:name="com.google.firebase.auth.internal.RecaptchaActivity"
192-->[com.google.firebase:firebase-auth:21.0.1] AndroidManifest.xml:46:13-79
193            android:excludeFromRecents="true"
193-->[com.google.firebase:firebase-auth:21.0.1] AndroidManifest.xml:47:13-46
194            android:exported="true"
194-->[com.google.firebase:firebase-auth:21.0.1] AndroidManifest.xml:48:13-36
195            android:launchMode="singleTask"
195-->[com.google.firebase:firebase-auth:21.0.1] AndroidManifest.xml:49:13-44
196            android:theme="@android:style/Theme.Translucent.NoTitleBar" >
196-->[com.google.firebase:firebase-auth:21.0.1] AndroidManifest.xml:50:13-72
197            <intent-filter>
197-->[com.google.firebase:firebase-auth:21.0.1] AndroidManifest.xml:51:13-61:29
198                <action android:name="android.intent.action.VIEW" />
198-->src\main\AndroidManifest.xml:44:29-81
198-->src\main\AndroidManifest.xml:44:37-78
199
200                <category android:name="android.intent.category.DEFAULT" />
200-->src\main\AndroidManifest.xml:45:17-76
200-->src\main\AndroidManifest.xml:45:27-73
201                <category android:name="android.intent.category.BROWSABLE" />
201-->src\main\AndroidManifest.xml:46:17-78
201-->src\main\AndroidManifest.xml:46:27-75
202
203                <data
203-->src\main\AndroidManifest.xml:47:17-75
204                    android:host="firebase.auth"
205                    android:path="/"
206                    android:scheme="recaptcha" />
206-->src\main\AndroidManifest.xml:47:23-72
207            </intent-filter>
208        </activity>
209
210        <service
210-->[com.google.firebase:firebase-auth:21.0.1] AndroidManifest.xml:64:9-73:19
211            android:name="com.google.firebase.auth.api.fallback.service.FirebaseAuthFallbackService"
211-->[com.google.firebase:firebase-auth:21.0.1] AndroidManifest.xml:65:13-101
212            android:enabled="true"
212-->[com.google.firebase:firebase-auth:21.0.1] AndroidManifest.xml:66:13-35
213            android:exported="false" >
213-->[com.google.firebase:firebase-auth:21.0.1] AndroidManifest.xml:67:13-37
214            <intent-filter>
214-->[com.google.firebase:firebase-auth:21.0.1] AndroidManifest.xml:68:13-72:29
215                <action android:name="com.google.firebase.auth.api.gms.service.START" />
215-->[com.google.firebase:firebase-auth:21.0.1] AndroidManifest.xml:69:17-89
215-->[com.google.firebase:firebase-auth:21.0.1] AndroidManifest.xml:69:25-86
216
217                <category android:name="android.intent.category.DEFAULT" />
217-->src\main\AndroidManifest.xml:45:17-76
217-->src\main\AndroidManifest.xml:45:27-73
218            </intent-filter>
219        </service>
220
221        <activity android:name="com.facebook.CustomTabMainActivity" />
221-->[com.facebook.android:facebook-common:5.5.1] AndroidManifest.xml:33:9-71
221-->[com.facebook.android:facebook-common:5.5.1] AndroidManifest.xml:33:19-68
222
223        <receiver
223-->[com.google.firebase:firebase-messaging:22.0.0] AndroidManifest.xml:28:9-35:20
224            android:name="com.google.firebase.iid.FirebaseInstanceIdReceiver"
224-->[com.google.firebase:firebase-messaging:22.0.0] AndroidManifest.xml:29:13-78
225            android:exported="true"
225-->[com.google.firebase:firebase-messaging:22.0.0] AndroidManifest.xml:30:13-36
226            android:permission="com.google.android.c2dm.permission.SEND" >
226-->[com.google.firebase:firebase-messaging:22.0.0] AndroidManifest.xml:31:13-73
227            <intent-filter>
227-->[:firebase_messaging] AndroidManifest.xml:28:13-30:29
228                <action android:name="com.google.android.c2dm.intent.RECEIVE" />
228-->[:firebase_messaging] AndroidManifest.xml:29:17-81
228-->[:firebase_messaging] AndroidManifest.xml:29:25-78
229            </intent-filter>
230        </receiver>
231        <!--
232             FirebaseMessagingService performs security checks at runtime,
233             but set to not exported to explicitly avoid allowing another app to call it.
234        -->
235        <service
235-->[com.google.firebase:firebase-messaging:22.0.0] AndroidManifest.xml:41:9-48:19
236            android:name="com.google.firebase.messaging.FirebaseMessagingService"
236-->[com.google.firebase:firebase-messaging:22.0.0] AndroidManifest.xml:42:13-82
237            android:directBootAware="true"
237-->[com.google.firebase:firebase-messaging:22.0.0] AndroidManifest.xml:43:13-43
238            android:exported="false" >
238-->[com.google.firebase:firebase-messaging:22.0.0] AndroidManifest.xml:44:13-37
239            <intent-filter android:priority="-500" >
239-->[:firebase_messaging] AndroidManifest.xml:19:13-21:29
240                <action android:name="com.google.firebase.MESSAGING_EVENT" />
240-->[:firebase_messaging] AndroidManifest.xml:20:17-78
240-->[:firebase_messaging] AndroidManifest.xml:20:25-75
241            </intent-filter>
242        </service>
243        <service
243-->[com.google.android.datatransport:transport-backend-cct:3.0.0] AndroidManifest.xml:29:9-35:19
244            android:name="com.google.android.datatransport.runtime.backends.TransportBackendDiscovery"
244-->[com.google.android.datatransport:transport-backend-cct:3.0.0] AndroidManifest.xml:30:13-103
245            android:exported="false" >
245-->[com.google.android.datatransport:transport-backend-cct:3.0.0] AndroidManifest.xml:31:13-37
246            <meta-data
246-->[com.google.android.datatransport:transport-backend-cct:3.0.0] AndroidManifest.xml:32:13-34:39
247                android:name="backend:com.google.android.datatransport.cct.CctBackendFactory"
247-->[com.google.android.datatransport:transport-backend-cct:3.0.0] AndroidManifest.xml:33:17-94
248                android:value="cct" />
248-->[com.google.android.datatransport:transport-backend-cct:3.0.0] AndroidManifest.xml:34:17-36
249        </service>
250
251        <provider
251-->[com.google.firebase:firebase-common:20.0.0] AndroidManifest.xml:26:9-31:39
252            android:name="com.google.firebase.provider.FirebaseInitProvider"
252-->[com.google.firebase:firebase-common:20.0.0] AndroidManifest.xml:27:13-77
253            android:authorities="com.BarakamonOleg.KOPA.firebaseinitprovider"
253-->[com.google.firebase:firebase-common:20.0.0] AndroidManifest.xml:28:13-72
254            android:directBootAware="true"
254-->[com.google.firebase:firebase-common:20.0.0] AndroidManifest.xml:29:13-43
255            android:exported="false"
255-->[com.google.firebase:firebase-common:20.0.0] AndroidManifest.xml:30:13-37
256            android:initOrder="100" />
256-->[com.google.firebase:firebase-common:20.0.0] AndroidManifest.xml:31:13-36
257
258        <activity
258-->[com.google.android.gms:play-services-auth:16.0.1] AndroidManifest.xml:23:9-27:75
259            android:name="com.google.android.gms.auth.api.signin.internal.SignInHubActivity"
259-->[com.google.android.gms:play-services-auth:16.0.1] AndroidManifest.xml:24:13-93
260            android:excludeFromRecents="true"
260-->[com.google.android.gms:play-services-auth:16.0.1] AndroidManifest.xml:25:13-46
261            android:exported="false"
261-->[com.google.android.gms:play-services-auth:16.0.1] AndroidManifest.xml:26:13-37
262            android:theme="@android:style/Theme.Translucent.NoTitleBar" />
262-->[com.google.android.gms:play-services-auth:16.0.1] AndroidManifest.xml:27:13-72
263        <!--
264            Service handling Google Sign-In user revocation. For apps that do not integrate with
265            Google Sign-In, this service will never be started.
266        -->
267        <service
267-->[com.google.android.gms:play-services-auth:16.0.1] AndroidManifest.xml:33:9-36:110
268            android:name="com.google.android.gms.auth.api.signin.RevocationBoundService"
268-->[com.google.android.gms:play-services-auth:16.0.1] AndroidManifest.xml:34:13-89
269            android:exported="true"
269-->[com.google.android.gms:play-services-auth:16.0.1] AndroidManifest.xml:35:13-36
270            android:permission="com.google.android.gms.auth.api.signin.permission.REVOCATION_NOTIFICATION" />
270-->[com.google.android.gms:play-services-auth:16.0.1] AndroidManifest.xml:36:13-107
271
272        <activity
272-->[com.google.android.gms:play-services-base:17.1.0] AndroidManifest.xml:23:9-26:75
273            android:name="com.google.android.gms.common.api.GoogleApiActivity"
273-->[com.google.android.gms:play-services-base:17.1.0] AndroidManifest.xml:24:13-79
274            android:exported="false"
274-->[com.google.android.gms:play-services-base:17.1.0] AndroidManifest.xml:25:13-37
275            android:theme="@android:style/Theme.Translucent.NoTitleBar" />
275-->[com.google.android.gms:play-services-base:17.1.0] AndroidManifest.xml:26:13-72
276
277        <receiver
277-->[com.google.android.gms:play-services-measurement:19.0.0] AndroidManifest.xml:29:9-33:20
278            android:name="com.google.android.gms.measurement.AppMeasurementReceiver"
278-->[com.google.android.gms:play-services-measurement:19.0.0] AndroidManifest.xml:30:13-85
279            android:enabled="true"
279-->[com.google.android.gms:play-services-measurement:19.0.0] AndroidManifest.xml:31:13-35
280            android:exported="false" >
280-->[com.google.android.gms:play-services-measurement:19.0.0] AndroidManifest.xml:32:13-37
281        </receiver>
282
283        <service
283-->[com.google.android.gms:play-services-measurement:19.0.0] AndroidManifest.xml:35:9-38:40
284            android:name="com.google.android.gms.measurement.AppMeasurementService"
284-->[com.google.android.gms:play-services-measurement:19.0.0] AndroidManifest.xml:36:13-84
285            android:enabled="true"
285-->[com.google.android.gms:play-services-measurement:19.0.0] AndroidManifest.xml:37:13-35
286            android:exported="false" />
286-->[com.google.android.gms:play-services-measurement:19.0.0] AndroidManifest.xml:38:13-37
287        <service
287-->[com.google.android.gms:play-services-measurement:19.0.0] AndroidManifest.xml:39:9-43:72
288            android:name="com.google.android.gms.measurement.AppMeasurementJobService"
288-->[com.google.android.gms:play-services-measurement:19.0.0] AndroidManifest.xml:40:13-87
289            android:enabled="true"
289-->[com.google.android.gms:play-services-measurement:19.0.0] AndroidManifest.xml:41:13-35
290            android:exported="false"
290-->[com.google.android.gms:play-services-measurement:19.0.0] AndroidManifest.xml:42:13-37